06-28-14 22:53 Backup.py    DEBUG    Starting the script
06-28-14 22:53 Backup.py    DEBUG    Current working dir is D:\devops\Backup
06-28-14 22:53 Backup.py    INFO     Reading the xml file
06-28-14 22:53 Backup.py    DEBUG    the file path is D:\devops\Backup\ApplicationSignatures.xml
06-28-14 22:53 Backup.py    DEBUG    OS path separator = \
06-28-14 22:53 Backup.py    DEBUG    before path sep replacement *CDR*
06-28-14 22:53 Backup.py    DEBUG    after *CDR*
06-28-14 22:53 Backup.py    DEBUG    before path sep replacement *log*
06-28-14 22:53 Backup.py    DEBUG    after *log*
06-28-14 22:53 Backup.py    DEBUG    before path sep replacement *log*
06-28-14 22:53 Backup.py    DEBUG    after *log*
06-28-14 22:53 Backup.py    DEBUG    before path sep replacement *cdr*
06-28-14 22:53 Backup.py    DEBUG    after *cdr*
06-28-14 22:53 Backup.py    DEBUG    before path sep replacement *log*
06-28-14 22:53 Backup.py    DEBUG    after *log*
06-28-14 22:53 Backup.py    DEBUG    before path sep replacement *log*
06-28-14 22:53 Backup.py    DEBUG    after *log*
06-28-14 22:53 Backup.py    DEBUG    before path sep replacement *log*
06-28-14 22:53 Backup.py    DEBUG    after *log*
06-28-14 22:53 Backup.py    DEBUG    before path sep replacement *log*
06-28-14 22:53 Backup.py    DEBUG    after *log*
06-28-14 22:53 Backup.py    DEBUG    before path sep replacement *log*
06-28-14 22:53 Backup.py    DEBUG    after *log*
06-28-14 22:53 Backup.py    DEBUG    before path sep replacement *log*
06-28-14 22:53 Backup.py    DEBUG    after *log*
06-28-14 22:53 Backup.py    DEBUG    before path sep replacement Export*
06-28-14 22:53 Backup.py    DEBUG    after Export*
06-28-14 22:53 Backup.py    DEBUG    before path sep replacement thirdparty\jboss\server\default\*log*
06-28-14 22:53 Backup.py    DEBUG    after thirdparty\jboss\server\default\*log*
06-28-14 22:53 Backup.py    DEBUG    before path sep replacement thirdparty\jboss\server\default\*tmp*
06-28-14 22:53 Backup.py    DEBUG    after thirdparty\jboss\server\default\*tmp*
06-28-14 22:53 Backup.py    DEBUG    before path sep replacement thirdparty\jboss\server\default\*work*
06-28-14 22:53 Backup.py    DEBUG    after thirdparty\jboss\server\default\*work*
06-28-14 22:53 Backup.py    DEBUG    before path sep replacement thirdparty\jboss\server\default\*data*
06-28-14 22:53 Backup.py    DEBUG    after thirdparty\jboss\server\default\*data*
06-28-14 22:53 Backup.py    DEBUG    before path sep replacement thirdparty\jboss\server\all\*log*
06-28-14 22:53 Backup.py    DEBUG    after thirdparty\jboss\server\all\*log*
06-28-14 22:53 Backup.py    DEBUG    before path sep replacement thirdparty\jboss\server\all\*tmp*
06-28-14 22:53 Backup.py    DEBUG    after thirdparty\jboss\server\all\*tmp*
06-28-14 22:53 Backup.py    DEBUG    before path sep replacement thirdparty\jboss\server\all\*work*
06-28-14 22:53 Backup.py    DEBUG    after thirdparty\jboss\server\all\*work*
06-28-14 22:53 Backup.py    DEBUG    before path sep replacement thirdparty\jboss\server\all\*data*
06-28-14 22:53 Backup.py    DEBUG    after thirdparty\jboss\server\all\*data*
06-28-14 22:53 Backup.py    DEBUG    before path sep replacement thirdparty\jboss\server\minimal\*log*
06-28-14 22:53 Backup.py    DEBUG    after thirdparty\jboss\server\minimal\*log*
06-28-14 22:53 Backup.py    DEBUG    before path sep replacement thirdparty\jboss\server\minimal\*tmp*
06-28-14 22:53 Backup.py    DEBUG    after thirdparty\jboss\server\minimal\*tmp*
06-28-14 22:53 Backup.py    DEBUG    before path sep replacement thirdparty\jboss\server\minimal\*work*
06-28-14 22:53 Backup.py    DEBUG    after thirdparty\jboss\server\minimal\*work*
06-28-14 22:53 Backup.py    DEBUG    before path sep replacement thirdparty\jboss\server\minimal\*data*
06-28-14 22:53 Backup.py    DEBUG    after thirdparty\jboss\server\minimal\*data*
06-28-14 22:53 Backup.py    DEBUG    before path sep replacement *log*
06-28-14 22:53 Backup.py    DEBUG    after *log*
06-28-14 22:53 Backup.py    DEBUG    before path sep replacement *log*
06-28-14 22:53 Backup.py    DEBUG    after *log*
06-28-14 22:53 Backup.py    DEBUG    before path sep replacement *cdr*
06-28-14 22:53 Backup.py    DEBUG    after *cdr*
06-28-14 22:53 Backup.py    DEBUG    before path sep replacement *log*
06-28-14 22:53 Backup.py    DEBUG    after *log*
06-28-14 22:53 Backup.py    DEBUG    before path sep replacement *log*
06-28-14 22:53 Backup.py    DEBUG    after *log*
06-28-14 22:53 Backup.py    DEBUG    before path sep replacement *log*
06-28-14 22:53 Backup.py    DEBUG    after *log*
06-28-14 22:53 Backup.py    DEBUG    before path sep replacement *log*
06-28-14 22:53 Backup.py    DEBUG    after *log*
06-28-14 22:53 Backup.py    DEBUG    before path sep replacement *log*
06-28-14 22:53 Backup.py    DEBUG    after *log*
06-28-14 22:53 Backup.py    DEBUG    before path sep replacement *log*
06-28-14 22:53 Backup.py    DEBUG    after *log*
06-28-14 22:53 Backup.py    DEBUG    before path sep replacement *log*
06-28-14 22:53 Backup.py    DEBUG    after *log*
06-28-14 22:53 Backup.py    DEBUG    before path sep replacement *log*
06-28-14 22:53 Backup.py    DEBUG    after *log*
06-28-14 22:53 Backup.py    DEBUG    before path sep replacement *log*
06-28-14 22:53 Backup.py    DEBUG    after *log*
06-28-14 22:53 Backup.py    DEBUG    before path sep replacement *log*
06-28-14 22:53 Backup.py    DEBUG    after *log*
06-28-14 22:53 Backup.py    DEBUG    After reading the xml file
06-28-14 22:53 Backup.py    INFO     Beginning to backup the directory D:\devops\Backup
06-28-14 22:53 Backup.py    DEBUG    is_dir_in_configuration is called for directory .idea
06-28-14 22:53 Backup.py    WARNING  Directory <.idea> is not in the configured list of mind applications and it will not be backed up
06-28-14 22:53 Backup.py    DEBUG    is_dir_in_configuration is called for directory ApplicationSignatures.xml
06-28-14 22:53 Backup.py    WARNING  Directory <ApplicationSignatures.xml> is not in the configured list of mind applications and it will not be backed up
06-28-14 22:53 Backup.py    DEBUG    is_dir_in_configuration is called for directory ApplicationsSignatures.xsd
06-28-14 22:53 Backup.py    WARNING  Directory <ApplicationsSignatures.xsd> is not in the configured list of mind applications and it will not be backed up
06-28-14 22:53 Backup.py    DEBUG    is_dir_in_configuration is called for directory Backup.py
06-28-14 22:53 Backup.py    WARNING  Directory <Backup.py> is not in the configured list of mind applications and it will not be backed up
06-28-14 22:53 Backup.py    DEBUG    is_dir_in_configuration is called for directory Backup.py.log
06-28-14 22:53 Backup.py    WARNING  Directory <Backup.py.log> is not in the configured list of mind applications and it will not be backed up
06-28-14 22:53 Backup.py    DEBUG    is_dir_in_configuration is called for directory dobackup.bat
06-28-14 22:53 Backup.py    WARNING  Directory <dobackup.bat> is not in the configured list of mind applications and it will not be backed up
06-28-14 22:53 Backup.py    DEBUG    is_dir_in_configuration is called for directory dobackup.sh
06-28-14 22:53 Backup.py    WARNING  Directory <dobackup.sh> is not in the configured list of mind applications and it will not be backed up
06-28-14 22:53 Backup.py    DEBUG    is_dir_in_configuration is called for directory test_Backup.py
06-28-14 22:53 Backup.py    WARNING  Directory <test_Backup.py> is not in the configured list of mind applications and it will not be backed up
06-28-14 22:53 Backup.py    INFO     You will find your backup at this location: d:\mindbkp\MINDBILL\2014-06-28_225349
